[debug] [2021-12-23T18:55:45.755Z] ----------------------------------------------------------------------
[debug] [2021-12-23T18:55:45.756Z] Command:       C:\Program Files\nodejs\node.exe C:\Users\visha\AppData\Roaming\npm\node_modules\firebase-tools\lib\bin\firebase.js init
[debug] [2021-12-23T18:55:45.757Z] CLI Version:   10.0.1
[debug] [2021-12-23T18:55:45.757Z] Platform:      win32
[debug] [2021-12-23T18:55:45.757Z] Node Version:  v16.13.1
[debug] [2021-12-23T18:55:45.758Z] Time:          Thu Dec 23 2021 12:55:45 GMT-0600 (Central Standard Time)
[debug] [2021-12-23T18:55:45.758Z] ----------------------------------------------------------------------
[debug] 
[debug] [2021-12-23T18:55:45.764Z] > command requires scopes: ["email","openid","https://www.googleapis.com/auth/cloudplatformprojects.readonly","https://www.googleapis.com/auth/firebase","https://www.googleapis.com/auth/cloud-platform"]
[debug] [2021-12-23T18:55:45.765Z] > authorizing via signed-in user (vishalshahshh@gmail.com)
[info] 
     ######## #### ########  ######## ########     ###     ######  ########
     ##        ##  ##     ## ##       ##     ##  ##   ##  ##       ##
     ######    ##  ########  ######   ########  #########  ######  ######
     ##        ##  ##    ##  ##       ##     ## ##     ##       ## ##
     ##       #### ##     ## ######## ########  ##     ##  ######  ########

You're about to initialize a Firebase project in this directory:

  E:\temp

[info] 
=== Project Setup
[info] 
[info] First, let's associate this project directory with a Firebase project.
[info] You can create multiple project aliases by running firebase use --add, 
[info] but for now we'll just set up a default project.
[info] 
[debug] [2021-12-23T18:59:30.040Z] >>> [apiv2][query] GET https://firebase.googleapis.com/v1beta1/projects pageSize=100
[debug] [2021-12-23T18:59:31.744Z] <<< [apiv2][status] GET https://firebase.googleapis.com/v1beta1/projects 200
[debug] [2021-12-23T18:59:31.744Z] <<< [apiv2][body] GET https://firebase.googleapis.com/v1beta1/projects [omitted]
[info] i  Using project digitalcard-898bb (DigitalCard) 
[info] 
=== Hosting Setup
[info] 
[info] Your public directory is the folder (relative to your project directory) that
[info] will contain Hosting assets to be uploaded with firebase deploy. If you
[info] have a build process for your assets, use your build's output directory.
[info] 
[info] +  Wrote public/404.html 
[debug] [2021-12-23T19:01:09.488Z] >>> [apiv2][query] GET https://www.gstatic.com/firebasejs/releases.json [none]
[debug] [2021-12-23T19:01:09.980Z] <<< [apiv2][status] GET https://www.gstatic.com/firebasejs/releases.json 200
[debug] [2021-12-23T19:01:09.981Z] <<< [apiv2][body] GET https://www.gstatic.com/firebasejs/releases.json {"current":{"version":"9.6.1","browserURL":"https://www.gstatic.com/firebasejs/9.6.1/firebase.js","packageURL":"https://www.gstatic.com/firebasejs/9.6.1/firebase.tgz"},"live":{"version":"9.6","browserURL":"https://www.gstatic.com/firebasejs/live/9.6/firebase.js","packageURL":"https://www.gstatic.com/firebasejs/live/9.6/firebase.tgz"},"components":{"analytics":"https://www.gstatic.com/firebasejs/9.6.1/firebase-analytics.js","app":"https://www.gstatic.com/firebasejs/9.6.1/firebase-app.js","app-check":"https://www.gstatic.com/firebasejs/9.6.1/firebase-app-check.js","auth":"https://www.gstatic.com/firebasejs/9.6.1/firebase-auth.js","auth/cordova":"https://www.gstatic.com/firebasejs/9.6.1/firebase-auth/cordova.js","auth/react-native":"https://www.gstatic.com/firebasejs/9.6.1/firebase-auth/react-native.js","functions":"https://www.gstatic.com/firebasejs/9.6.1/firebase-functions.js","firestore":"https://www.gstatic.com/firebasejs/9.6.1/firebase-firestore.js","firestore/lite":"https://www.gstatic.com/firebasejs/9.6.1/firebase-firestore/lite.js","storage":"https://www.gstatic.com/firebasejs/9.6.1/firebase-storage.js","performance":"https://www.gstatic.com/firebasejs/9.6.1/firebase-performance.js","remote-config":"https://www.gstatic.com/firebasejs/9.6.1/firebase-remote-config.js","messaging":"https://www.gstatic.com/firebasejs/9.6.1/firebase-messaging.js","messaging/sw":"https://www.gstatic.com/firebasejs/9.6.1/firebase-messaging/sw.js","database":"https://www.gstatic.com/firebasejs/9.6.1/firebase-database.js","firestore.memory":"https://www.gstatic.com/firebasejs/9.6.1/firebase-firestore.memory.js"}}
[info] +  Wrote public/index.html 
[info] 
[info] i  Didn't detect a .git folder. Assuming E:\temp is the project root. 
[info] i  Authorizing with GitHub to upload your service account to a GitHub repository's secrets store. 
[info] 
[info] Visit this URL on this device to log in:
[info] https://github.com/login/oauth/authorize?client_id=89cf50f02ac6aaed3484&state=1060293154&redirect_uri=http%3A%2F%2Flocalhost%3A9005&scope=read%3Auser%20repo%20public_repo
[info] 
[info] Waiting for authentication...
